<?xml version="1.0" encoding="UTF-8"?>
<testsuite xmlns:xsi="http://www.w3.org/2001/XMLSchema-instance" xsi:noNamespaceSchemaLocation="https://maven.apache.org/surefire/maven-surefire-plugin/xsd/surefire-test-report.xsd" version="3.0.2" name="com.ginsengfood.project.order.OrderFullFlowPostgresTest" time="131.44" tests="1" errors="0" skipped="0" failures="0" flakes="0">
  <properties>
[...]
</properties>
  <testcase name="fullFlowCreatesCanonicalSnapshotRefsAndOrderVerifiedEvidence" classname="com.ginsengfood.project.order.OrderFullFlowPostgresTest" time="1.884">
    <system-out><![CDATA[11:07:18.175 [main] INFO org.springframework.test.context.support.AnnotationConfigContextLoaderUtils -- Could not detect default configuration classes for test class [com.ginsengfood.project.order.OrderFullFlowPostgresTest]: OrderFullFlowPostgresTest does not declare any static, non-private, non-final, nested classes annotated with @Configuration.
11:07:19.183 [main] INFO org.springframework.boot.test.context.SpringBootTestContextBootstrapper -- Found @SpringBootConfiguration com.ginsengfood.project.ProjectApplication for test class com.ginsengfood.project.order.OrderFullFlowPostgresTest
11:07:19.265 [main] INFO org.springframework.test.context.support.AnnotationConfigContextLoaderUtils -- Could not detect default configuration classes for test class [com.ginsengfood.project.order.OrderFullFlowPostgresTest]: OrderFullFlowPostgresTest does not declare any static, non-private, non-final, nested classes annotated with @Configuration.
11:07:19.272 [main] INFO org.springframework.boot.test.context.SpringBootTestContextBootstrapper -- Found @SpringBootConfiguration com.ginsengfood.project.ProjectApplication for test class com.ginsengfood.project.order.OrderFullFlowPostgresTest
11:07:19.335 [main] INFO org.testcontainers.images.PullPolicy -- Image pull policy will be performed by: DefaultPullPolicy()
11:07:19.336 [main] INFO org.testcontainers.utility.ImageNameSubstitutor -- Image name substitution will be performed by: DefaultImageNameSubstitutor (composite of 'ConfigurationFileImageNameSubstitutor' and 'PrefixingImageNameSubstitutor')
11:07:19.375 [main] INFO org.testcontainers.DockerClientFactory -- Testcontainers version: 1.21.4
11:07:19.571 [main] INFO org.testcontainers.dockerclient.DockerClientProviderStrategy -- Loaded org.testcontainers.dockerclient.NpipeSocketClientProviderStrategy from ~/.testcontainers.properties, will try it first
11:07:19.850 [main] INFO org.testcontainers.dockerclient.DockerClientProviderStrategy -- Found Docker environment with local Npipe socket (npipe:////./pipe/docker_engine)
11:07:19.852 [main] INFO org.testcontainers.DockerClientFactory -- Docker host IP address is localhost
11:07:19.870 [main] INFO org.testcontainers.DockerClientFactory -- Connected to docker: 
  Server Version: 29.4.0
  API Version: 1.54
  Operating System: Docker Desktop
  Total Memory: 11822 MB
  Labels: 
    com.docker.desktop.address=npipe://\\.\pipe\docker_cli
11:07:19.981 [main] INFO tc.testcontainers/ryuk:0.12.0 -- Creating container for image: testcontainers/ryuk:0.12.0
11:07:20.102 [main] INFO org.testcontainers.utility.RegistryAuthLocator -- Credential helper/store (docker-credential-desktop) does not have credentials for https://index.docker.io/v1/
11:07:20.266 [main] INFO tc.testcontainers/ryuk:0.12.0 -- Container testcontainers/ryuk:0.12.0 is starting: c875d2469847121defbcc55f1a19be6ae06208bd28af8be41d0b5a861f127817
11:07:20.672 [main] INFO tc.testcontainers/ryuk:0.12.0 -- Container testcontainers/ryuk:0.12.0 started in PT0.6903419S
11:07:20.680 [main] INFO org.testcontainers.utility.RyukResourceReaper -- Ryuk started - will monitor and terminate Testcontainers containers on JVM exit
11:07:20.680 [main] INFO org.testcontainers.DockerClientFactory -- Checking the system...
11:07:20.681 [main] INFO org.testcontainers.DockerClientFactory -- ✔︎ Docker server version should be at least 1.6.0
11:07:20.682 [main] INFO tc.postgres:17-alpine -- Creating container for image: postgres:17-alpine
11:07:20.751 [main] INFO tc.postgres:17-alpine -- Container postgres:17-alpine is starting: f09404402c6289a8c0a7245c45d352b74011d27b347d328c1baf478b9e82de67
11:07:22.388 [main] INFO tc.postgres:17-alpine -- Container postgres:17-alpine started in PT1.7062208S
11:07:22.389 [main] INFO tc.postgres:17-alpine -- Container is started (JDBC URL: jdbc:postgresql://localhost:56704/ginsengfood_isolated_test?loggerLevel=OFF)

  .   ____          _            __ _ _
 /\\ / ___'_ __ _ _(_)_ __  __ _ \ \ \ \
( ( )\___ | '_ | '_| | '_ \/ _` | \ \ \ \
 \\/  ___)| |_)| | | | | || (_| |  ) ) ) )
  '  |____| .__|_| |_|_| |_\__, | / / / /
 =========|_|==============|___/=/_/_/_/

 :: Spring Boot ::                (v4.0.5)

2026-08-11T11:07:22.854+07:00  INFO 23536 --- [ginsengfood] [           main] c.g.p.order.OrderFullFlowPostgresTest    : Starting OrderFullFlowPostgresTest using Java 21.0.10 with PID 23536 (started by PCPV in D:\APU\project\ginsengfood\back-end)
2026-08-11T11:07:22.855+07:00  INFO 23536 --- [ginsengfood] [           main] c.g.p.order.OrderFullFlowPostgresTest    : The following 1 profile is active: "demo"
2026-08-11T11:08:53.370+07:00  INFO 23536 --- [ginsengfood] [           main] .s.d.r.c.RepositoryConfigurationDelegate : Multiple Spring Data modules found, entering strict repository configuration mode
2026-08-11T11:08:53.373+07:00  INFO 23536 --- [ginsengfood] [           main] .s.d.r.c.RepositoryConfigurationDelegate : Bootstrapping Spring Data JPA repositories in DEFAULT mode.
2026-08-11T11:08:54.677+07:00  INFO 23536 --- [ginsengfood] [           main] .s.d.r.c.RepositoryConfigurationDelegate : Finished Spring Data repository scanning in 1291 ms. Found 196 JPA repository interfaces.
2026-08-11T11:08:57.943+07:00  INFO 23536 --- [ginsengfood] [           main] com.zaxxer.hikari.HikariDataSource       : HikariPool-1 - Starting...
2026-08-11T11:08:58.162+07:00  INFO 23536 --- [ginsengfood] [           main] com.zaxxer.hikari.pool.HikariPool        : HikariPool-1 - Added connection org.postgresql.jdbc.PgConnection@32f35739
2026-08-11T11:08:58.164+07:00  INFO 23536 --- [ginsengfood] [           main] com.zaxxer.hikari.HikariDataSource       : HikariPool-1 - Start completed.
2026-08-11T11:08:58.219+07:00  INFO 23536 --- [ginsengfood] [           main] org.flywaydb.core.FlywayExecutor         : Database: jdbc:postgresql://localhost:56704/ginsengfood_isolated_test?loggerLevel=OFF (PostgreSQL 17.9)
2026-08-11T11:08:58.467+07:00  INFO 23536 --- [ginsengfood] [           main] o.f.c.i.s.JdbcTableSchemaHistory         : Schema history table "public"."flyway_schema_history" does not exist yet
2026-08-11T11:08:58.476+07:00  INFO 23536 --- [ginsengfood] [           main] o.f.core.internal.command.DbValidate     : Successfully validated 198 migrations (execution time 00:00.214s)
2026-08-11T11:08:58.501+07:00  INFO 23536 --- [ginsengfood] [           main] o.f.c.i.s.JdbcTableSchemaHistory         : Creating Schema History table "public"."flyway_schema_history" ...
2026-08-11T11:08:58.558+07:00  INFO 23536 --- [ginsengfood] [           main] o.f.core.internal.command.DbMigrate      : Current version of schema "public": << Empty Schema >>
2026-08-11T11:08:58.558+07:00  WARN 23536 --- [ginsengfood] [           main] o.f.core.internal.command.DbMigrate      : outOfOrder mode is active. Migration of schema "public" may not be reproducible.
2026-08-11T11:08:58.599+07:00  INFO 23536 --- [ginsengfood] [           main] o.f.core.internal.command.DbMigrate      : Migrating schema "public" to version "1 - foundation baseline"
2026-08-11T11:08:58.883+07:00  INFO 23536 --- [ginsengfood] [           main] o.f.core.internal.command.DbMigrate      : Migrating schema "public" to version "2 - member snapshots baseline"
2026-08-11T11:08:58.909+07:00  INFO 23536 --- [ginsengfood] [           main] o.f.core.internal.command.DbMigrate      : Migrating schema "public" to version "3 - product media baseline"
2026-08-11T11:08:58.936+07:00  INFO 23536 --- [ginsengfood] [           main] o.f.core.internal.command.DbMigrate      : Migrating schema "public" to version "4 - content cms baseline"
2026-08-11T11:08:58.975+07:00  INFO 23536 --- [ginsengfood] [           main] o.f.core.internal.command.DbMigrate      : Migrating schema "public" to version "5 - order payment baseline"
2026-08-11T11:08:59.050+07:00  INFO 23536 --- [ginsengfood] [           main] o.f.core.internal.command.DbMigrate      : Migrating schema "public" to version "6 - payment refunds webhook unique"
2026-08-11T11:08:59.073+07:00  INFO 23536 --- [ginsengfood] [           main] o.f.core.internal.command.DbMigrate      : Migrating schema "public" to version "7 - payment refund idempotency"
2026-08-11T11:08:59.094+07:00  INFO 23536 --- [ginsengfood] [           main] o.f.core.internal.command.DbMigrate      : Migrating schema "public" to version "8 - golden hour sessions baseline"
2026-08-11T11:08:59.125+07:00  INFO 23536 --- [ginsengfood] [           main] o.f.core.internal.command.DbMigrate      : Migrating schema "public" to version "9 - golden hour reservations baseline"
2026-08-11T11:08:59.148+07:00  INFO 23536 --- [ginsengfood] [           main] o.f.core.internal.command.DbMigrate      : Migrating schema "public" to version "10 - golden hour tier windows"
2026-08-11T11:08:59.169+07:00  INFO 23536 --- [ginsengfood] [           main] o.f.core.internal.command.DbMigrate      : Migrating schema "public" to version "11 - orders program type canonical constraint"
2026-08-11T11:08:59.186+07:00  INFO 23536 --- [ginsengfood] [           main] o.f.core.internal.command.DbMigrate      : Migrating schema "public" to version "12 - promotion campaigns rules baseline"
2026-08-11T11:08:59.225+07:00  INFO 23536 --- [ginsengfood] [           main] o.f.core.internal.command.DbMigrate      : Migrating schema "public" to version "13 - commerce inventory shipment membership baseline"
2026-08-11T11:08:59.327+07:00  INFO 23536 --- [ginsengfood] [           main] o.f.core.internal.command.DbMigrate      : Migrating schema "public" to version "14 - golden hour session snapshots stub"
2026-08-11T11:08:59.351+07:00  INFO 23536 --- [ginsengfood] [           main] o.f.core.internal.command.DbMigrate      : Migrating schema "public" to version "15 - crm event outbox baseline"
2026-08-11T11:08:59.381+07:00  INFO 23536 --- [ginsengfood] [           main] o.f.core.internal.command.DbMigrate      : Migrating schema "public" to version "16 - crm messages baseline"
2026-08-11T11:08:59.410+07:00  INFO 23536 --- [ginsengfood] [           main] o.f.core.internal.command.DbMigrate      : Migrating schema "public" to version "17 - message templates baseline"
2026-08-11T11:08:59.436+07:00  INFO 23536 --- [ginsengfood] [           main] o.f.core.internal.command.DbMigrate      : Migrating schema "public" to version "18 - message send logs baseline"
2026-08-11T11:08:59.458+07:00  INFO 23536 --- [ginsengfood] [           main] o.f.core.internal.command.DbMigrate      : Migrating schema "public" to version "18.1 - channel providers baseline"
2026-08-11T11:08:59.498+07:00  INFO 23536 --- [ginsengfood] [           main] o.f.core.internal.command.DbMigrate      : Migrating schema "public" to version "19 - channel delivery logs baseline"
2026-08-11T11:08:59.544+07:00  INFO 23536 --- [ginsengfood] [           main] o.f.core.internal.command.DbMigrate      : Migrating schema "public" to version "20 - crm eligibility rules baseline"
2026-08-11T11:08:59.578+07:00  INFO 23536 --- [ginsengfood] [           main] o.f.core.internal.command.DbMigrate      : Migrating schema "public" to version "21 - p6 hardening"
2026-08-11T11:08:59.616+07:00  INFO 23536 --- [ginsengfood] [           main] o.f.core.internal.command.DbMigrate      : Migrating schema "public" to version "22 - p6 event logs baseline"
2026-08-11T11:08:59.675+07:00  INFO 23536 --- [ginsengfood] [           main] o.f.core.internal.command.DbMigrate      : Migrating schema "public" to version "22.1 - p6 order snapshots baseline"
2026-08-11T11:08:59.701+07:00  INFO 23536 --- [ginsengfood] [           main] o.f.core.internal.command.DbMigrate      : Migrating schema "public" to version "23 - p8 1 ai intent sku rules baseline"
2026-08-11T11:08:59.731+07:00  INFO 23536 --- [ginsengfood] [           main] o.f.core.internal.command.DbMigrate      : Migrating schema "public" to version "24 - p8 2 ai content blocks bindings decision logs"
2026-08-11T11:08:59.794+07:00  INFO 23536 --- [ginsengfood] [           main] o.f.core.internal.command.DbMigrate      : Migrating schema "public" to version "25 - p0 04 bootstrap system internal actors"
2026-08-11T11:08:59.825+07:00  INFO 23536 --- [ginsengfood] [           main] o.f.c.i.s.DefaultSqlScriptExecutor       : DB: trigger "trg_service_principals_require_system_user" for relation "service_principals" does not exist, skipping
2026-08-11T11:08:59.830+07:00  INFO 23536 --- [ginsengfood] [           main] o.f.c.i.s.DefaultSqlScriptExecutor       : DB: trigger "trg_users_block_bound_service_principal_actor_invalid_state" for relation "users" does not exist, skipping
2026-08-11T11:08:59.857+07:00  INFO 23536 --- [ginsengfood] [           main] o.f.core.internal.command.DbMigrate      : Migrating schema "public" to version "26 - p0 06 governance registry seed support"
2026-08-11T11:08:59.949+07:00  INFO 23536 --- [ginsengfood] [           main] o.f.core.internal.command.DbMigrate      : Migrating schema "public" to version "27 - p0 07 bootstrap checkpoint fail closed gate"
2026-08-11T11:08:59.975+07:00  INFO 23536 --- [ginsengfood] [           main] o.f.core.internal.command.DbMigrate      : Migrating schema "public" to version "28 - p0 08 local login session create"
2026-08-11T11:09:00.060+07:00  INFO 23536 --- [ginsengfood] [           main] o.f.core.internal.command.DbMigrate      : Migrating schema "public" to version "29 - p0 10 permission resolver account boundary"
2026-08-11T11:09:00.080+07:00  INFO 23536 --- [ginsengfood] [           main] o.f.core.internal.command.DbMigrate      : Migrating schema "public" to version "30 - p0 12 policy lifecycle minimum"
2026-08-11T11:09:00.084+07:00  WARN 23536 --- [ginsengfood] [           main] o.f.c.i.s.DefaultSqlScriptExecutor       : DB: column "policy_scope" of relation "policy_versions" already exists, skipping (SQL State: 42701 - Error Code: 0)
2026-08-11T11:09:00.089+07:00  WARN 23536 --- [ginsengfood] [           main] o.f.c.i.s.DefaultSqlScriptExecutor       : DB: column "owner_flow" of relation "policy_versions" already exists, skipping (SQL State: 42701 - Error Code: 0)
2026-08-11T11:09:00.090+07:00  WARN 23536 --- [ginsengfood] [           main] o.f.c.i.s.DefaultSqlScriptExecutor       : DB: column "owner_service" of relation "policy_versions" already exists, skipping (SQL State: 42701 - Error Code: 0)
2026-08-11T11:09:00.091+07:00  WARN 23536 --- [ginsengfood] [           main] o.f.c.i.s.DefaultSqlScriptExecutor       : DB: column "payload_hash" of relation "policy_versions" already exists, skipping (SQL State: 42701 - Error Code: 0)
2026-08-11T11:09:00.147+07:00  INFO 23536 --- [ginsengfood] [           main] o.f.core.internal.command.DbMigrate      : Migrating schema "public" to version "31 - p0 13 event package registry validation"
2026-08-11T11:09:00.177+07:00  INFO 23536 --- [ginsengfood] [           main] o.f.core.internal.command.DbMigrate      : Migrating schema "public" to version "32 - p0 14 audit evidence masking baseline"
2026-08-11T11:09:00.210+07:00  INFO 23536 --- [ginsengfood] [           main] o.f.c.i.s.DefaultSqlScriptExecutor       : DB: trigger "trg_audit_logs_append_only" for relation "audit_logs" does not exist, skipping
2026-08-11T11:09:00.211+07:00  INFO 23536 --- [ginsengfood] [           main] o.f.c.i.s.DefaultSqlScriptExecutor       : DB: trigger "trg_config_audit_logs_append_only" for relation "config_audit_logs" does not exist, skipping
2026-08-11T11:09:00.213+07:00  INFO 23536 --- [ginsengfood] [           main] o.f.c.i.s.DefaultSqlScriptExecutor       : DB: trigger "trg_event_packages_append_only" for relation "event_packages" does not exist, skipping
2026-08-11T11:09:00.214+07:00  INFO 23536 --- [ginsengfood] [           main] o.f.c.i.s.DefaultSqlScriptExecutor       : DB: trigger "trg_system_events_append_only" for relation "system_events" does not exist, skipping
2026-08-11T11:09:00.216+07:00  INFO 23536 --- [ginsengfood] [           main] o.f.c.i.s.DefaultSqlScriptExecutor       : DB: trigger "trg_web_event_logs_append_only" for relation "web_event_logs" does not exist, skipping
2026-08-11T11:09:00.218+07:00  INFO 23536 --- [ginsengfood] [           main] o.f.c.i.s.DefaultSqlScriptExecutor       : DB: trigger "trg_order_events_append_only" for relation "order_events" does not exist, skipping
2026-08-11T11:09:00.220+07:00  INFO 23536 --- [ginsengfood] [           main] o.f.c.i.s.DefaultSqlScriptExecutor       : DB: trigger "trg_member_events_append_only" for relation "member_events" does not exist, skipping
2026-08-11T11:09:00.231+07:00  INFO 23536 --- [ginsengfood] [           main] o.f.core.internal.command.DbMigrate      : Migrating schema "public" to version "33 - p0 15 sensitive export dual approval"
2026-08-11T11:09:00.260+07:00  INFO 23536 --- [ginsengfood] [           main] o.f.c.i.s.DefaultSqlScriptExecutor       : DB: trigger "trg_audit_evidence_exports_append_only" for relation "audit_evidence_exports" does not exist, skipping
2026-08-11T11:09:00.273+07:00  INFO 23536 --- [ginsengfood] [           main] o.f.core.internal.command.DbMigrate      : Migrating schema "public" to version "34 - p0 16 break glass scoped session"
2026-08-11T11:09:00.331+07:00  INFO 23536 --- [ginsengfood] [           main] o.f.c.i.s.DefaultSqlScriptExecutor       : DB: trigger "trg_break_glass_approvals_append_only" for relation "break_glass_approvals" does not exist, skipping
2026-08-11T11:09:00.332+07:00  INFO 23536 --- [ginsengfood] [           main] o.f.c.i.s.DefaultSqlScriptExecutor       : DB: trigger "trg_break_glass_session_grants_append_only" for relation "break_glass_session_grants" does not exist, skipping
2026-08-11T11:09:00.333+07:00  INFO 23536 --- [ginsengfood] [           main] o.f.c.i.s.DefaultSqlScriptExecutor       : DB: trigger "trg_break_glass_audit_logs_append_only" for relation "break_glass_audit_logs" does not exist, skipping
2026-08-11T11:09:00.347+07:00  INFO 23536 --- [ginsengfood] [           main] o.f.core.internal.command.DbMigrate      : Migrating schema "public" to version "35 - p0 05b rbac assignment history"
2026-08-11T11:09:00.352+07:00  WARN 23536 --- [ginsengfood] [           main] o.f.c.i.s.DefaultSqlScriptExecutor       : DB: column "assignment_type" of relation "rbac_assignment_history" already exists, skipping (SQL State: 42701 - Error Code: 0)
2026-08-11T11:09:00.352+07:00  WARN 23536 --- [ginsengfood] [           main] o.f.c.i.s.DefaultSqlScriptExecutor       : DB: column "operation" of relation "rbac_assignment_history" already exists, skipping (SQL State: 42701 - Error Code: 0)
2026-08-11T11:09:00.353+07:00  WARN 23536 --- [ginsengfood] [           main] o.f.c.i.s.DefaultSqlScriptExecutor       : DB: column "user_id" of relation "rbac_assignment_history" already exists, skipping (SQL State: 42701 - Error Code: 0)
2026-08-11T11:09:00.354+07:00  WARN 23536 --- [ginsengfood] [           main] o.f.c.i.s.DefaultSqlScriptExecutor       : DB: column "role_id" of relation "rbac_assignment_history" already exists, skipping (SQL State: 42701 - Error Code: 0)
2026-08-11T11:09:00.355+07:00  WARN 23536 --- [ginsengfood] [           main] o.f.c.i.s.DefaultSqlScriptExecutor       : DB: column "permission_id" of relation "rbac_assignment_history" already exists, skipping (SQL State: 42701 - Error Code: 0)
2026-08-11T11:09:00.356+07:00  WARN 23536 --- [ginsengfood] [           main] o.f.c.i.s.DefaultSqlScriptExecutor       : DB: column "effect" of relation "rbac_assignment_history" already exists, skipping (SQL State: 42701 - Error Code: 0)
2026-08-11T11:09:00.357+07:00  WARN 23536 --- [ginsengfood] [           main] o.f.c.i.s.DefaultSqlScriptExecutor       : DB: column "actor_user_id" of relation "rbac_assignment_history" already exists, skipping (SQL State: 42701 - Error Code: 0)
2026-08-11T11:09:00.357+07:00  WARN 23536 --- [ginsengfood] [           main] o.f.c.i.s.DefaultSqlScriptExecutor       : DB: column "reason" of relation "rbac_assignment_history" already exists, skipping (SQL State: 42701 - Error Code: 0)
2026-08-11T11:09:00.358+07:00  WARN 23536 --- [ginsengfood] [           main] o.f.c.i.s.DefaultSqlScriptExecutor       : DB: column "approval_request_id" of relation "rbac_assignment_history" already exists, skipping (SQL State: 42701 - Error Code: 0)
2026-08-11T11:09:00.359+07:00  WARN 23536 --- [ginsengfood] [           main] o.f.c.i.s.DefaultSqlScriptExecutor       : DB: column "break_glass_session_id" of relation "rbac_assignment_history" already exists, skipping (SQL State: 42701 - Error Code: 0)
2026-08-11T11:09:00.360+07:00  WARN 23536 --- [ginsengfood] [           main] o.f.c.i.s.DefaultSqlScriptExecutor       : DB: column "request_id" of relation "rbac_assignment_history" already exists, skipping (SQL State: 42701 - Error Code: 0)
2026-08-11T11:09:00.361+07:00  WARN 23536 --- [ginsengfood] [           main] o.f.c.i.s.DefaultSqlScriptExecutor       : DB: column "correlation_id" of relation "rbac_assignment_history" already exists, skipping (SQL State: 42701 - Error Code: 0)
2026-08-11T11:09:00.361+07:00  WARN 23536 --- [ginsengfood] [           main] o.f.c.i.s.DefaultSqlScriptExecutor       : DB: column "created_at" of relation "rbac_assignment_history" already exists, skipping (SQL State: 42701 - Error Code: 0)
2026-08-11T11:09:00.378+07:00  INFO 23536 --- [ginsengfood] [           main] o.f.c.i.s.DefaultSqlScriptExecutor       : DB: trigger "trg_rbac_assignment_history_append_only" for relation "rbac_assignment_history" does not exist, skipping
2026-08-11T11:09:00.395+07:00  INFO 23536 --- [ginsengfood] [           main] o.f.core.internal.command.DbMigrate      : Migrating schema "public" to version "36 - p1 02 public lead import registration fallback"
2026-08-11T11:09:00.460+07:00  INFO 23536 --- [ginsengfood] [           main] o.f.core.internal.command.DbMigrate      : Migrating schema "public" to version "36.1 - p1 02 event registry lead guest contact"
2026-08-11T11:09:00.475+07:00  INFO 23536 --- [ginsengfood] [           main] o.f.core.internal.command.DbMigrate      : Migrating schema "public" to version "37 - cleanup super admin role permissions"
2026-08-11T11:09:00.491+07:00  INFO 23536 --- [ginsengfood] [           main] o.f.core.internal.command.DbMigrate      : Migrating schema "public" to version "37.1 - p1 03 identity resolution manual review runtime"
2026-08-11T11:09:00.572+07:00  INFO 23536 --- [ginsengfood] [           main] o.f.core.internal.command.DbMigrate      : Migrating schema "public" to version "38 - p1 04 identity checkpoint checkout downstream"
2026-08-11T11:09:00.636+07:00  INFO 23536 --- [ginsengfood] [           main] o.f.core.internal.command.DbMigrate      : Migrating schema "public" to version "39 - p1 05 consent ledger crm ads privacy outbox"
2026-08-11T11:09:00.640+07:00  WARN 23536 --- [ginsengfood] [           main] o.f.c.i.s.DefaultSqlScriptExecutor       : DB: column "guest_id" of relation "customer_contact_channels" already exists, skipping (SQL State: 42701 - Error Code: 0)
2026-08-11T11:09:00.640+07:00  WARN 23536 --- [ginsengfood] [           main] o.f.c.i.s.DefaultSqlScriptExecutor       : DB: column "identity_checkpoint_id" of relation "customer_contact_channels" already exists, skipping (SQL State: 42701 - Error Code: 0)
2026-08-11T11:09:00.640+07:00  WARN 23536 --- [ginsengfood] [           main] o.f.c.i.s.DefaultSqlScriptExecutor       : DB: column "source" of relation "customer_contact_channels" already exists, skipping (SQL State: 42701 - Error Code: 0)
2026-08-11T11:09:00.640+07:00  WARN 23536 --- [ginsengfood] [           main] o.f.c.i.s.DefaultSqlScriptExecutor       : DB: column "policy_version_id" of relation "customer_contact_channels" already exists, skipping (SQL State: 42701 - Error Code: 0)
2026-08-11T11:09:00.640+07:00  WARN 23536 --- [ginsengfood] [           main] o.f.c.i.s.DefaultSqlScriptExecutor       : DB: column "proof_ref" of relation "customer_contact_channels" already exists, skipping (SQL State: 42701 - Error Code: 0)
2026-08-11T11:09:00.640+07:00  WARN 23536 --- [ginsengfood] [           main] o.f.c.i.s.DefaultSqlScriptExecutor       : DB: column "last_verified_proof_ref" of relation "customer_contact_channels" already exists, skipping (SQL State: 42701 - Error Code: 0)
2026-08-11T11:09:00.640+07:00  WARN 23536 --- [ginsengfood] [           main] o.f.c.i.s.DefaultSqlScriptExecutor       : DB: column "last_verified_at" of relation "customer_contact_channels" already exists, skipping (SQL State: 42701 - Error Code: 0)
2026-08-11T11:09:00.647+07:00  INFO 23536 --- [ginsengfood] [           main] o.f.c.i.s.DefaultSqlScriptExecutor       : DB: constraint "chk_customer_contact_channels_service_status" of relation "customer_contact_channels" does not exist, skipping
2026-08-11T11:09:00.688+07:00  INFO 23536 --- [ginsengfood] [           main] o.f.c.i.s.DefaultSqlScriptExecutor       : DB: constraint "chk_crm_event_outbox_channel_type" of relation "crm_event_outbox" does not exist, skipping
2026-08-11T11:09:00.733+07:00  INFO 23536 --- [ginsengfood] [           main] o.f.core.internal.command.DbMigrate      : Migrating schema "public" to version "40 - p1 06 diamond direct member sponsor binding"
2026-08-11T11:09:00.790+07:00  INFO 23536 --- [ginsengfood] [           main] o.f.core.internal.command.DbMigrate      : Migrating schema "public" to version "41 - cleanup super admin role permissions"
2026-08-11T11:09:00.806+07:00  INFO 23536 --- [ginsengfood] [           main] o.f.core.internal.command.DbMigrate      : Migrating schema "public" to version "42 - p2 02 sku master product identity versioning"
2026-08-11T11:09:00.871+07:00  INFO 23536 --- [ginsengfood] [           main] o.f.core.internal.command.DbMigrate      : Migrating schema "public" to version "43 - p2 03b catalog publish import media event package"
2026-08-11T11:09:00.916+07:00  INFO 23536 --- [ginsengfood] [           main] o.f.core.internal.command.DbMigrate      : Migrating schema "public" to version "44 - p2 05a sellable availability read model"
2026-08-11T11:09:00.938+07:00  INFO 23536 --- [ginsengfood] [           main] o.f.core.internal.command.DbMigrate      : Migrating schema "public" to version "45 - p2 05b cross flow snapshot checkpoint contract"
2026-08-11T11:09:00.979+07:00  INFO 23536 --- [ginsengfood] [           main] o.f.core.internal.command.DbMigrate      : Migrating schema "public" to version "46 - p2 03c catalog restore product event"
2026-08-11T11:09:00.995+07:00  INFO 23536 --- [ginsengfood] [           main] o.f.core.internal.command.DbMigrate      : Migrating schema "public" to version "47 - p0 5 upload file platform"
2026-08-11T11:09:01.052+07:00  INFO 23536 --- [ginsengfood] [           main] o.f.core.internal.command.DbMigrate      : Migrating schema "public" to version "48 - p1 h01 customer import upload source refs"
2026-08-11T11:09:01.080+07:00  INFO 23536 --- [ginsengfood] [           main] o.f.core.internal.command.DbMigrate      : Migrating schema "public" to version "49 - p2 h01 h02 catalog upload refs"
2026-08-11T11:09:01.116+07:00  INFO 23536 --- [ginsengfood] [           main] o.f.core.internal.command.DbMigrate      : Migrating schema "public" to version "50 - p2 catalog product primary media"
2026-08-11T11:09:01.127+07:00  INFO 23536 --- [ginsengfood] [           main] o.f.c.i.s.DefaultSqlScriptExecutor       : DB: trigger "trg_products_primary_media_owner" for relation "products" does not exist, skipping
2026-08-11T11:09:01.140+07:00  INFO 23536 --- [ginsengfood] [           main] o.f.core.internal.command.DbMigrate      : Migrating schema "public" to version "51 - p3 03 vnpay runtime contract"
2026-08-11T11:09:01.180+07:00  INFO 23536 --- [ginsengfood] [           main] o.f.core.internal.command.DbMigrate      : Migrating schema "public" to version "52 - p3 02 checkout identity order capture"
2026-08-11T11:09:01.226+07:00  INFO 23536 --- [ginsengfood] [           main] o.f.core.internal.command.DbMigrate      : Migrating schema "public" to version "53 - p3 04 cod reconciliation truth"
2026-08-11T11:09:01.296+07:00  INFO 23536 --- [ginsengfood] [           main] o.f.core.internal.command.DbMigrate      : Migrating schema "public" to version "54 - p3 05 shipment truth"
2026-08-11T11:09:01.311+07:00  INFO 23536 --- [ginsengfood] [           main] o.f.c.i.s.DefaultSqlScriptExecutor       : DB: constraint "chk_shipments_public_shipping_state" of relation "shipments" does not exist, skipping
2026-08-11T11:09:01.312+07:00  INFO 23536 --- [ginsengfood] [           main] o.f.c.i.s.DefaultSqlScriptExecutor       : DB: constraint "chk_shipments_group_policy" of relation "shipments" does not exist, skipping
2026-08-11T11:09:01.317+07:00  INFO 23536 --- [ginsengfood] [           main] o.f.c.i.s.DefaultSqlScriptExecutor       : DB: constraint "chk_shipment_status_histories_status" of relation "shipment_status_histories" does not exist, skipping
2026-08-11T11:09:01.358+07:00  INFO 23536 --- [ginsengfood] [           main] o.f.core.internal.command.DbMigrate      : Migrating schema "public" to version "55 - p3 06 refund return replacement truth"
2026-08-11T11:09:01.432+07:00  INFO 23536 --- [ginsengfood] [           main] o.f.core.internal.command.DbMigrate      : Migrating schema "public" to version "56 - p3 07 order verification commission eligibility"
2026-08-11T11:09:01.440+07:00  INFO 23536 --- [ginsengfood] [           main] o.f.c.i.s.DefaultSqlScriptExecutor       : DB: constraint "chk_orders_verification_status" of relation "orders" does not exist, skipping
2026-08-11T11:09:01.440+07:00  INFO 23536 --- [ginsengfood] [           main] o.f.c.i.s.DefaultSqlScriptExecutor       : DB: constraint "chk_orders_risk_status" of relation "orders" does not exist, skipping
2026-08-11T11:09:01.440+07:00  INFO 23536 --- [ginsengfood] [           main] o.f.c.i.s.DefaultSqlScriptExecutor       : DB: constraint "chk_orders_after_sales_block_status" of relation "orders" does not exist, skipping
2026-08-11T11:09:01.501+07:00  INFO 23536 --- [ginsengfood] [           main] o.f.core.internal.command.DbMigrate      : Migrating schema "public" to version "57 - p3 08 phase3 acceptance event registry contract"
2026-08-11T11:09:01.516+07:00  INFO 23536 --- [ginsengfood] [           main] o.f.core.internal.command.DbMigrate      : Migrating schema "public" to version "58 - p3 payment transaction payload jsonb alignment"
2026-08-11T11:09:01.538+07:00  INFO 23536 --- [ginsengfood] [           main] o.f.core.internal.command.DbMigrate      : Migrating schema "public" to version "59 - p3 order state policy baseline"
2026-08-11T11:09:01.566+07:00  INFO 23536 --- [ginsengfood] [           main] o.f.core.internal.command.DbMigrate      : Migrating schema "public" to version "60 - p4 02 membership schema migration baseline"
2026-08-11T11:09:01.746+07:00  INFO 23536 --- [ginsengfood] [           main] o.f.core.internal.command.DbMigrate      : Migrating schema "public" to version "61 - p4 03 membership seed and catalog baseline"
2026-08-11T11:09:01.789+07:00  INFO 23536 --- [ginsengfood] [           main] o.f.core.internal.command.DbMigrate      : Migrating schema "public" to version "62 - p4 05 membership qualified spend source column"
2026-08-11T11:09:01.804+07:00  INFO 23536 --- [ginsengfood] [           main] o.f.core.internal.command.DbMigrate      : Migrating schema "public" to version "63 - p4 06 refund line item allocation"
2026-08-11T11:09:01.824+07:00  INFO 23536 --- [ginsengfood] [           main] o.f.core.internal.command.DbMigrate      : Migrating schema "public" to version "64 - p4 h01 membership resource upload links"
2026-08-11T11:09:01.838+07:00  INFO 23536 --- [ginsengfood] [           main] o.f.core.internal.command.DbMigrate      : Migrating schema "public" to version "65 - p1 v02 identity otp runtime"
2026-08-11T11:09:01.860+07:00  INFO 23536 --- [ginsengfood] [           main] o.f.core.internal.command.DbMigrate      : Migrating schema "public" to version "66 - p3 checkout order line policy baseline"
2026-08-11T11:09:01.873+07:00  INFO 23536 --- [ginsengfood] [           main] o.f.core.internal.command.DbMigrate      : Migrating schema "public" to version "67 - p3 checkout order line policy overlap repair"
2026-08-11T11:09:01.888+07:00  INFO 23536 --- [ginsengfood] [           main] o.f.core.internal.command.DbMigrate      : Migrating schema "public" to version "68 - p3 15 storefront server cart"
2026-08-11T11:09:01.919+07:00  INFO 23536 --- [ginsengfood] [           main] o.f.core.internal.command.DbMigrate      : Migrating schema "public" to version "69 - p1 v04 identity otp esms delivery attempts"
2026-08-11T11:09:01.938+07:00  INFO 23536 --- [ginsengfood] [           main] o.f.core.internal.command.DbMigrate      : Migrating schema "public" to version "70 - p4 g01 membership diamond resource gallery v2"
2026-08-11T11:09:01.955+07:00  INFO 23536 --- [ginsengfood] [           main] o.f.core.internal.command.DbMigrate      : Migrating schema "public" to version "71 - storefront auth identifier phone"
2026-08-11T11:09:01.975+07:00  INFO 23536 --- [ginsengfood] [           main] o.f.core.internal.command.DbMigrate      : Migrating schema "public" to version "72 - p5 02 golden hour admin session quota policy"
2026-08-11T11:09:02.000+07:00  INFO 23536 --- [ginsengfood] [           main] o.f.c.i.s.DefaultSqlScriptExecutor       : DB: constraint "chk_golden_hour_sessions_status" of relation "golden_hour_sessions" does not exist, skipping
2026-08-11T11:09:02.002+07:00  INFO 23536 --- [ginsengfood] [           main] o.f.c.i.s.DefaultSqlScriptExecutor       : DB: constraint "chk_golden_hour_sessions_settlement_status" of relation "golden_hour_sessions" does not exist, skipping
2026-08-11T11:09:02.004+07:00  INFO 23536 --- [ginsengfood] [           main] o.f.c.i.s.DefaultSqlScriptExecutor       : DB: constraint "chk_golden_hour_sessions_cancel_reason" of relation "golden_hour_sessions" does not exist, skipping
2026-08-11T11:09:02.025+07:00  INFO 23536 --- [ginsengfood] [           main] o.f.c.i.s.DefaultSqlScriptExecutor       : DB: constraint "chk_golden_hour_session_products_quota_sellable" of relation "golden_hour_session_products" does not exist, skipping
2026-08-11T11:09:02.027+07:00  INFO 23536 --- [ginsengfood] [           main] o.f.c.i.s.DefaultSqlScriptExecutor       : DB: constraint "chk_golden_hour_session_products_quota_total" of relation "golden_hour_session_products" does not exist, skipping
2026-08-11T11:09:02.064+07:00  INFO 23536 --- [ginsengfood] [           main] o.f.core.internal.command.DbMigrate      : Migrating schema "public" to version "73 - p5 03 golden hour reservation transaction"
2026-08-11T11:09:02.067+07:00  INFO 23536 --- [ginsengfood] [           main] o.f.c.i.s.DefaultSqlScriptExecutor       : DB: constraint "chk_golden_hour_reservations_status" of relation "golden_hour_reservations" does not exist, skipping
2026-08-11T11:09:02.087+07:00  INFO 23536 --- [ginsengfood] [           main] o.f.c.i.s.DefaultSqlScriptExecutor       : DB: constraint "uq_golden_hour_reservations_customer_id_session_product_id_i" of relation "golden_hour_reservations" does not exist, skipping
2026-08-11T11:09:02.089+07:00  INFO 23536 --- [ginsengfood] [           main] o.f.c.i.s.DefaultSqlScriptExecutor       : DB: constraint "uq_golden_hour_reservations_customer_session_sku_idempotency" of relation "golden_hour_reservations" does not exist, skipping
2026-08-11T11:09:02.091+07:00  INFO 23536 --- [ginsengfood] [           main] o.f.c.i.s.DefaultSqlScriptExecutor       : DB: constraint "chk_golden_hour_reservations_bound_order" of relation "golden_hour_reservations" does not exist, skipping
2026-08-11T11:09:02.092+07:00  INFO 23536 --- [ginsengfood] [           main] o.f.c.i.s.DefaultSqlScriptExecutor       : DB: constraint "chk_golden_hour_reservations_expired_at" of relation "golden_hour_reservations" does not exist, skipping
2026-08-11T11:09:02.093+07:00  INFO 23536 --- [ginsengfood] [           main] o.f.c.i.s.DefaultSqlScriptExecutor       : DB: constraint "chk_golden_hour_reservations_cancelled_at" of relation "golden_hour_reservations" does not exist, skipping
2026-08-11T11:09:02.095+07:00  INFO 23536 --- [ginsengfood] [           main] o.f.c.i.s.DefaultSqlScriptExecutor       : DB: constraint "chk_golden_hour_reservations_rejected_at" of relation "golden_hour_reservations" does not exist, skipping
2026-08-11T11:09:02.122+07:00  INFO 23536 --- [ginsengfood] [           main] o.f.c.i.s.DefaultSqlScriptExecutor       : DB: constraint "fk_gh_reservation_inventory_hold" of relation "golden_hour_reservations" does not exist, skipping
2026-08-11T11:09:02.125+07:00  INFO 23536 --- [ginsengfood] [           main] o.f.c.i.s.DefaultSqlScriptExecutor       : DB: constraint "fk_gh_reservation_quota_hold" of relation "golden_hour_reservations" does not exist, skipping
2026-08-11T11:09:02.144+07:00  INFO 23536 --- [ginsengfood] [           main] o.f.core.internal.command.DbMigrate      : Migrating schema "public" to version "74 - p5 05 golden hour payment gate ivr extension"
2026-08-11T11:09:02.196+07:00  INFO 23536 --- [ginsengfood] [           main] o.f.core.internal.command.DbMigrate      : Migrating schema "public" to version "75 - ai product approved content projection"
2026-08-11T11:09:02.231+07:00  INFO 23536 --- [ginsengfood] [           main] o.f.core.internal.command.DbMigrate      : Migrating schema "public" to version "76 - p12 06 membership golden hour i18n fields"
2026-08-11T11:09:02.244+07:00  INFO 23536 --- [ginsengfood] [           main] o.f.core.internal.command.DbMigrate      : Migrating schema "public" to version "77 - p12 03 storefront i18n catalog fields"
2026-08-11T11:09:02.260+07:00  INFO 23536 --- [ginsengfood] [           main] o.f.core.internal.command.DbMigrate      : Migrating schema "public" to version "78 - ai product approved content audit events"
2026-08-11T11:09:02.289+07:00  INFO 23536 --- [ginsengfood] [           main] o.f.core.internal.command.DbMigrate      : Migrating schema "public" to version "79 - order shipping address reference"
2026-08-11T11:09:02.303+07:00  INFO 23536 --- [ginsengfood] [           main] o.f.core.internal.command.DbMigrate      : Migrating schema "public" to version "80 - p2 product detail content blocks"
2026-08-11T11:09:02.332+07:00  INFO 23536 --- [ginsengfood] [           main] o.f.core.internal.command.DbMigrate      : Migrating schema "public" to version "81 - customer default new membership tier"
2026-08-11T11:09:02.344+07:00  INFO 23536 --- [ginsengfood] [           main] o.f.core.internal.command.DbMigrate      : Migrating schema "public" to version "82 - drop category english landing seo fields"
2026-08-11T11:09:02.355+07:00  INFO 23536 --- [ginsengfood] [           main] o.f.core.internal.command.DbMigrate      : Migrating schema "public" to version "83 - p2 27 admin inventory crud v1 permissions"
2026-08-11T11:09:02.369+07:00  INFO 23536 --- [ginsengfood] [           main] o.f.core.internal.command.DbMigrate      : Migrating schema "public" to version "84 - ai consultation leads"
2026-08-11T11:09:02.392+07:00  INFO 23536 --- [ginsengfood] [           main] o.f.core.internal.command.DbMigrate      : Migrating schema "public" to version "85 - ai customer advisor chat history"
2026-08-11T11:09:02.418+07:00  INFO 23536 --- [ginsengfood] [           main] o.f.core.internal.command.DbMigrate      : Migrating schema "public" to version "86 - ai brand knowledge"
2026-08-11T11:09:02.448+07:00  INFO 23536 --- [ginsengfood] [           main] o.f.core.internal.command.DbMigrate      : Migrating schema "public" to version "87 - ai customer advisor chat history source links"
2026-08-11T11:09:02.461+07:00  INFO 23536 --- [ginsengfood] [           main] o.f.core.internal.command.DbMigrate      : Migrating schema "public" to version "88 - gcm customer normalized phone canonical"
2026-08-11T11:09:02.482+07:00  INFO 23536 --- [ginsengfood] [           main] o.f.core.internal.command.DbMigrate      : Migrating schema "public" to version "89 - p1 c360 customer schema runtime alignment"
2026-08-11T11:09:02.517+07:00  INFO 23536 --- [ginsengfood] [           main] o.f.core.internal.command.DbMigrate      : Migrating schema "public" to version "90 - ai product effectiveness reviews"
2026-08-11T11:09:02.568+07:00  INFO 23536 --- [ginsengfood] [           main] o.f.core.internal.command.DbMigrate      : Migrating schema "public" to version "91 - ai product effectiveness request changes audit event"
2026-08-11T11:09:02.585+07:00  INFO 23536 --- [ginsengfood] [           main] o.f.core.internal.command.DbMigrate      : Migrating schema "public" to version "92 - canonical sku source doc resource path"
2026-08-11T11:09:02.600+07:00  INFO 23536 --- [ginsengfood] [           main] o.f.core.internal.command.DbMigrate      : Migrating schema "public" to version "93 - retire catalog product demo seed rows"
2026-08-11T11:09:02.623+07:00  INFO 23536 --- [ginsengfood] [           main] o.f.core.internal.command.DbMigrate      : Migrating schema "public" to version "94 - retire golden hour demo operational rows"
2026-08-11T11:09:02.641+07:00  INFO 23536 --- [ginsengfood] [           main] o.f.core.internal.command.DbMigrate      : Migrating schema "public" to version "95 - gcm identity verification proof purpose"
2026-08-11T11:09:02.656+07:00  INFO 23536 --- [ginsengfood] [           main] o.f.core.internal.command.DbMigrate      : Migrating schema "public" to version "96 - p4 membership tier admin neutral benefits"
2026-08-11T11:09:02.690+07:00  INFO 23536 --- [ginsengfood] [           main] o.f.core.internal.command.DbMigrate      : Migrating schema "public" to version "97 - p4 membership tier change requests"
2026-08-11T11:09:02.725+07:00  INFO 23536 --- [ginsengfood] [           main] o.f.core.internal.command.DbMigrate      : Migrating schema "public" to version "98 - p4 membership tier english copy backfill"
2026-08-11T11:09:02.742+07:00  INFO 23536 --- [ginsengfood] [           main] o.f.core.internal.command.DbMigrate      : Migrating schema "public" to version "99 - p2 31 product detail document"
2026-08-11T11:09:02.770+07:00  INFO 23536 --- [ginsengfood] [           main] o.f.core.internal.command.DbMigrate      : Migrating schema "public" to version "100 - customer status guard history"
2026-08-11T11:09:02.803+07:00  INFO 23536 --- [ginsengfood] [           main] o.f.core.internal.command.DbMigrate      : Migrating schema "public" to version "101 - p5 f01a golden hour session time slots"
2026-08-11T11:09:02.828+07:00  INFO 23536 --- [ginsengfood] [           main] o.f.c.i.s.DefaultSqlScriptExecutor       : +--------+
| setval |
+--------+
| 3      |
+--------+

2026-08-11T11:09:02.840+07:00  INFO 23536 --- [ginsengfood] [           main] o.f.core.internal.command.DbMigrate      : Migrating schema "public" to version "102 - p5 f02a golden hour rules policy"
2026-08-11T11:09:02.856+07:00  INFO 23536 --- [ginsengfood] [           main] o.f.core.internal.command.DbMigrate      : Migrating schema "public" to version "103 - p5 f02e golden hour rules discount by sales"
2026-08-11T11:09:02.870+07:00  INFO 23536 --- [ginsengfood] [           main] o.f.core.internal.command.DbMigrate      : Migrating schema "public" to version "104 - p4 r11 membership resource group multi tier"
2026-08-11T11:09:02.890+07:00  INFO 23536 --- [ginsengfood] [           main] o.f.core.internal.command.DbMigrate      : Migrating schema "public" to version "105 - p2 drop product type"
2026-08-11T11:09:02.903+07:00  INFO 23536 --- [ginsengfood] [           main] o.f.core.internal.command.DbMigrate      : Migrating schema "public" to version "106 - revenue t2 tax admin vat system"
2026-08-11T11:09:02.919+07:00  INFO 23536 --- [ginsengfood] [           main] o.f.core.internal.command.DbMigrate      : Migrating schema "public" to version "107 - revenue t3 revenue backend aggregation"
2026-08-11T11:09:02.932+07:00  INFO 23536 --- [ginsengfood] [           main] o.f.core.internal.command.DbMigrate      : Migrating schema "public" to version "108 - revenue t5 runtime order schema alignment"
2026-08-11T11:09:02.957+07:00  INFO 23536 --- [ginsengfood] [           main] o.f.core.internal.command.DbMigrate      : Migrating schema "public" to version "109 - cms post contract schema alignment"
2026-08-11T11:09:02.967+07:00  INFO 23536 --- [ginsengfood] [           main] o.f.c.i.s.DefaultSqlScriptExecutor       : DB: constraint "posts_status_check" of relation "posts" does not exist, skipping
2026-08-11T11:09:03.036+07:00  INFO 23536 --- [ginsengfood] [           main] o.f.core.internal.command.DbMigrate      : Migrating schema "public" to version "110 - revenue t5b quote snapshot runtime alignment"
2026-08-11T11:09:03.093+07:00  INFO 23536 --- [ginsengfood] [           main] o.f.core.internal.command.DbMigrate      : Migrating schema "public" to version "111 - revenue t5c export permission"
2026-08-11T11:09:03.106+07:00  INFO 23536 --- [ginsengfood] [           main] o.f.core.internal.command.DbMigrate      : Migrating schema "public" to version "112 - cms post media upload picker contract"
2026-08-11T11:09:03.109+07:00  INFO 23536 --- [ginsengfood] [           main] o.f.c.i.s.DefaultSqlScriptExecutor       : DB: constraint "chk_post_media_purpose" of relation "post_media" does not exist, skipping
2026-08-11T11:09:03.123+07:00  INFO 23536 --- [ginsengfood] [           main] o.f.core.internal.command.DbMigrate      : Migrating schema "public" to version "113 - brand assignment derived status"
2026-08-11T11:09:03.142+07:00  INFO 23536 --- [ginsengfood] [           main] o.f.core.internal.command.DbMigrate      : Migrating schema "public" to version "114 - product group lifecycle archive"
2026-08-11T11:09:03.173+07:00  INFO 23536 --- [ginsengfood] [           main] o.f.core.internal.command.DbMigrate      : Migrating schema "public" to version "115 - create ai customer memory and lifecycle log"
2026-08-11T11:09:03.205+07:00  INFO 23536 --- [ginsengfood] [           main] o.f.core.internal.command.DbMigrate      : Migrating schema "public" to version "116 - canonical 19 sku reconciliation"
2026-08-11T11:09:03.225+07:00  INFO 23536 --- [ginsengfood] [           main] o.f.core.internal.command.DbMigrate      : Migrating schema "public" to version "117 - sensitive export threshold reason"
2026-08-11T11:09:03.253+07:00  INFO 23536 --- [ginsengfood] [           main] o.f.core.internal.command.DbMigrate      : Migrating schema "public" to version "118 - taxonomy two state lifecycle"
2026-08-11T11:09:03.301+07:00  INFO 23536 --- [ginsengfood] [           main] o.f.core.internal.command.DbMigrate      : Migrating schema "public" to version "119 - p2 40 admin sku pricing management"
2026-08-11T11:09:03.358+07:00  INFO 23536 --- [ginsengfood] [           main] o.f.core.internal.command.DbMigrate      : Migrating schema "public" to version "120 - wms inv 01 inventory wms read model"
2026-08-11T11:09:03.399+07:00  INFO 23536 --- [ginsengfood] [           main] o.f.core.internal.command.DbMigrate      : Migrating schema "public" to version "121 - p2 public sku without price"
2026-08-11T11:09:03.415+07:00  INFO 23536 --- [ginsengfood] [           main] o.f.core.internal.command.DbMigrate      : Migrating schema "public" to version "122 - sg gate 01 backend contract policy foundation resolver"
2026-08-11T11:09:03.464+07:00  INFO 23536 --- [ginsengfood] [           main] o.f.core.internal.command.DbMigrate      : Migrating schema "public" to version "123 - inv trace 01 inventory commitment trace read model"
2026-08-11T11:09:03.500+07:00  INFO 23536 --- [ginsengfood] [           main] o.f.core.internal.command.DbMigrate      : Migrating schema "public" to version "124 - sg gate 06 remove website candidate"
2026-08-11T11:09:03.519+07:00  INFO 23536 --- [ginsengfood] [           main] o.f.core.internal.command.DbMigrate      : Migrating schema "public" to version "125 - ship gate 01 backend schema admin contract"
2026-08-11T11:09:03.582+07:00  INFO 23536 --- [ginsengfood] [           main] o.f.core.internal.command.DbMigrate      : Migrating schema "public" to version "126 - ship gate 02 shipping fee resolver checkout contract"
2026-08-11T11:09:03.610+07:00  INFO 23536 --- [ginsengfood] [           main] o.f.core.internal.command.DbMigrate      : Migrating schema "public" to version "127 - aff 02 affiliate policy admin"
2026-08-11T11:09:03.676+07:00  INFO 23536 --- [ginsengfood] [           main] o.f.core.internal.command.DbMigrate      : Migrating schema "public" to version "128 - aff 02 policy versions created by alignment"
2026-08-11T11:09:03.710+07:00  INFO 23536 --- [ginsengfood] [           main] o.f.core.internal.command.DbMigrate      : Migrating schema "public" to version "129 - aff 03 product referral attribution tracking"
2026-08-11T11:09:03.780+07:00  INFO 23536 --- [ginsengfood] [           main] o.f.core.internal.command.DbMigrate      : Migrating schema "public" to version "130 - aff 04 buyer link benefit snapshots"
2026-08-11T11:09:03.810+07:00  INFO 23536 --- [ginsengfood] [           main] o.f.core.internal.command.DbMigrate      : Migrating schema "public" to version "131 - aff 05 affiliate commission runtime"
2026-08-11T11:09:03.892+07:00  INFO 23536 --- [ginsengfood] [           main] o.f.core.internal.command.DbMigrate      : Migrating schema "public" to version "132 - aff 06 pending commission verification"
2026-08-11T11:09:03.921+07:00  INFO 23536 --- [ginsengfood] [           main] o.f.core.internal.command.DbMigrate      : Migrating schema "public" to version "133 - aff 07 product analytics foundation"
2026-08-11T11:09:04.050+07:00  INFO 23536 --- [ginsengfood] [           main] o.f.core.internal.command.DbMigrate      : Migrating schema "public" to version "134 - addr 01 vietnam address reference data"
2026-08-11T11:09:04.288+07:00  INFO 23536 --- [ginsengfood] [           main] o.f.core.internal.command.DbMigrate      : Migrating schema "public" to version "135 - ship gate 09 backend unified config schema admin contract"
2026-08-11T11:09:04.328+07:00  INFO 23536 --- [ginsengfood] [           main] o.f.core.internal.command.DbMigrate      : Migrating schema "public" to version "136 - ship gate 10 unified shipping checkout signal compatibility"
2026-08-11T11:09:04.331+07:00  INFO 23536 --- [ginsengfood] [           main] o.f.c.i.s.DefaultSqlScriptExecutor       : DB: constraint "chk_shipping_unified_carton_box_count" of relation "shipping_unified_config_versions" does not exist, skipping
2026-08-11T11:09:04.345+07:00  INFO 23536 --- [ginsengfood] [           main] o.f.core.internal.command.DbMigrate      : Migrating schema "public" to version "137 - aff 11 affiliate policy lifecycle backend api"
2026-08-11T11:09:04.369+07:00  INFO 23536 --- [ginsengfood] [           main] o.f.core.internal.command.DbMigrate      : Migrating schema "public" to version "138 - membership members 04 benefit suspend restore contract"
2026-08-11T11:09:04.384+07:00  INFO 23536 --- [ginsengfood] [           main] o.f.core.internal.command.DbMigrate      : Migrating schema "public" to version "139 - membership members 08a benefit approval permission"
2026-08-11T11:09:04.397+07:00  INFO 23536 --- [ginsengfood] [           main] o.f.core.internal.command.DbMigrate      : Migrating schema "public" to version "140 - catalog product archived draft lifecycle"
2026-08-11T11:09:04.404+07:00  INFO 23536 --- [ginsengfood] [           main] o.f.c.i.s.DefaultSqlScriptExecutor       : DB: index "products_sku_code_key" does not exist, skipping
2026-08-11T11:09:04.406+07:00  INFO 23536 --- [ginsengfood] [           main] o.f.c.i.s.DefaultSqlScriptExecutor       : DB: index "products_slug_key" does not exist, skipping
2026-08-11T11:09:04.428+07:00  INFO 23536 --- [ginsengfood] [           main] o.f.core.internal.command.DbMigrate      : Migrating schema "public" to version "141 - catalog product detail document archived sku lifecycle"
2026-08-11T11:09:04.434+07:00  INFO 23536 --- [ginsengfood] [           main] o.f.c.i.s.DefaultSqlScriptExecutor       : DB: constraint "chk_product_detail_document_versions_change_type" of relation "product_detail_document_versions" does not exist, skipping
2026-08-11T11:09:04.445+07:00  INFO 23536 --- [ginsengfood] [           main] o.f.core.internal.command.DbMigrate      : Migrating schema "public" to version "142 - catalog taxonomy lifecycle status"
2026-08-11T11:09:04.453+07:00  INFO 23536 --- [ginsengfood] [           main] o.f.c.i.s.DefaultSqlScriptExecutor       : DB: constraint "uk_brands_slug" of relation "brands" does not exist, skipping
2026-08-11T11:09:04.453+07:00  INFO 23536 --- [ginsengfood] [           main] o.f.c.i.s.DefaultSqlScriptExecutor       : DB: constraint "chk_brands_lifecycle_status" of relation "brands" does not exist, skipping
2026-08-11T11:09:04.461+07:00  INFO 23536 --- [ginsengfood] [           main] o.f.c.i.s.DefaultSqlScriptExecutor       : DB: constraint "uk_product_categories_slug" of relation "product_categories" does not exist, skipping
2026-08-11T11:09:04.461+07:00  INFO 23536 --- [ginsengfood] [           main] o.f.c.i.s.DefaultSqlScriptExecutor       : DB: constraint "chk_product_categories_lifecycle_status" of relation "product_categories" does not exist, skipping
2026-08-11T11:09:04.469+07:00  INFO 23536 --- [ginsengfood] [           main] o.f.c.i.s.DefaultSqlScriptExecutor       : DB: constraint "uk_product_groups_slug" of relation "product_groups" does not exist, skipping
2026-08-11T11:09:04.470+07:00  INFO 23536 --- [ginsengfood] [           main] o.f.c.i.s.DefaultSqlScriptExecutor       : DB: constraint "chk_product_groups_lifecycle_status" of relation "product_groups" does not exist, skipping
2026-08-11T11:09:04.485+07:00  INFO 23536 --- [ginsengfood] [           main] o.f.core.internal.command.DbMigrate      : Migrating schema "public" to version "143 - ship strategy 02 backend strategy contract"
2026-08-11T11:09:04.524+07:00  INFO 23536 --- [ginsengfood] [           main] o.f.core.internal.command.DbMigrate      : Migrating schema "public" to version "144 - catalog taxonomy draft discard lifecycle"
2026-08-11T11:09:04.526+07:00  INFO 23536 --- [ginsengfood] [           main] o.f.c.i.s.DefaultSqlScriptExecutor       : DB: constraint "chk_brands_is_active_lifecycle_consistency" of relation "brands" does not exist, skipping
2026-08-11T11:09:04.526+07:00  INFO 23536 --- [ginsengfood] [           main] o.f.c.i.s.DefaultSqlScriptExecutor       : DB: constraint "chk_brands_archived_deleted_at" of relation "brands" does not exist, skipping
2026-08-11T11:09:04.529+07:00  WARN 23536 --- [ginsengfood] [           main] o.f.c.i.s.DefaultSqlScriptExecutor       : DB: relation "uq_brands_slug_non_archived" already exists, skipping (SQL State: 42P07 - Error Code: 0)
2026-08-11T11:09:04.533+07:00  INFO 23536 --- [ginsengfood] [           main] o.f.c.i.s.DefaultSqlScriptExecutor       : DB: constraint "chk_product_categories_is_active_lifecycle_consistency" of relation "product_categories" does not exist, skipping
2026-08-11T11:09:04.534+07:00  INFO 23536 --- [ginsengfood] [           main] o.f.c.i.s.DefaultSqlScriptExecutor       : DB: constraint "chk_product_categories_archived_deleted_at" of relation "product_categories" does not exist, skipping
2026-08-11T11:09:04.536+07:00  WARN 23536 --- [ginsengfood] [           main] o.f.c.i.s.DefaultSqlScriptExecutor       : DB: relation "uq_product_categories_slug_non_archived" already exists, skipping (SQL State: 42P07 - Error Code: 0)
2026-08-11T11:09:04.540+07:00  INFO 23536 --- [ginsengfood] [           main] o.f.c.i.s.DefaultSqlScriptExecutor       : DB: constraint "chk_product_groups_is_active_lifecycle_consistency" of relation "product_groups" does not exist, skipping
2026-08-11T11:09:04.540+07:00  INFO 23536 --- [ginsengfood] [           main] o.f.c.i.s.DefaultSqlScriptExecutor       : DB: constraint "chk_product_groups_archived_deleted_at" of relation "product_groups" does not exist, skipping
2026-08-11T11:09:04.541+07:00  WARN 23536 --- [ginsengfood] [           main] o.f.c.i.s.DefaultSqlScriptExecutor       : DB: relation "uq_product_groups_slug_non_archived" already exists, skipping (SQL State: 42P07 - Error Code: 0)
2026-08-11T11:09:04.552+07:00  INFO 23536 --- [ginsengfood] [           main] o.f.core.internal.command.DbMigrate      : Migrating schema "public" to version "145 - ship strategy 03 order routing snapshot"
2026-08-11T11:09:04.571+07:00  INFO 23536 --- [ginsengfood] [           main] o.f.core.internal.command.DbMigrate      : Migrating schema "public" to version "146 - sku price scheduled lifecycle"
2026-08-11T11:09:04.585+07:00  INFO 23536 --- [ginsengfood] [           main] o.f.c.i.s.DefaultSqlScriptExecutor       : DB: constraint "ck_sku_prices_schedule_metadata" of relation "sku_prices" does not exist, skipping
2026-08-11T11:09:04.586+07:00  INFO 23536 --- [ginsengfood] [           main] o.f.c.i.s.DefaultSqlScriptExecutor       : DB: constraint "ck_sku_prices_discard_metadata" of relation "sku_prices" does not exist, skipping
2026-08-11T11:09:04.609+07:00  INFO 23536 --- [ginsengfood] [           main] o.f.core.internal.command.DbMigrate      : Migrating schema "public" to version "147 - membership tier change business lifecycle"
2026-08-11T11:09:04.627+07:00  INFO 23536 --- [ginsengfood] [           main] o.f.core.internal.command.DbMigrate      : Migrating schema "public" to version "148 - p5 f01 slot catalog lifecycle alignment"
2026-08-11T11:09:04.631+07:00  INFO 23536 --- [ginsengfood] [           main] o.f.c.i.s.DefaultSqlScriptExecutor       : DB: constraint "fk_gh_slot_archived_by" of relation "golden_hour_session_time_slots" does not exist, skipping
2026-08-11T11:09:04.631+07:00  INFO 23536 --- [ginsengfood] [           main] o.f.c.i.s.DefaultSqlScriptExecutor       : DB: constraint "fk_gh_slot_discarded_by" of relation "golden_hour_session_time_slots" does not exist, skipping
2026-08-11T11:09:04.631+07:00  INFO 23536 --- [ginsengfood] [           main] o.f.c.i.s.DefaultSqlScriptExecutor       : DB: constraint "fk_gh_slot_source_slot" of relation "golden_hour_session_time_slots" does not exist, skipping
2026-08-11T11:09:04.631+07:00  INFO 23536 --- [ginsengfood] [           main] o.f.c.i.s.DefaultSqlScriptExecutor       : DB: constraint "fk_gh_slot_replaced_by_slot" of relation "golden_hour_session_time_slots" does not exist, skipping
2026-08-11T11:09:04.638+07:00  INFO 23536 --- [ginsengfood] [           main] o.f.c.i.s.DefaultSqlScriptExecutor       : DB: constraint "chk_gh_session_time_slot_archived_metadata" of relation "golden_hour_session_time_slots" does not exist, skipping
2026-08-11T11:09:04.639+07:00  INFO 23536 --- [ginsengfood] [           main] o.f.c.i.s.DefaultSqlScriptExecutor       : DB: constraint "chk_gh_session_time_slot_discarded_metadata" of relation "golden_hour_session_time_slots" does not exist, skipping
2026-08-11T11:09:04.656+07:00  INFO 23536 --- [ginsengfood] [           main] o.f.core.internal.command.DbMigrate      : Migrating schema "public" to version "149 - ship gate 15 shipping internal config lifecycle standardization"
2026-08-11T11:09:04.661+07:00  INFO 23536 --- [ginsengfood] [           main] o.f.c.i.s.DefaultSqlScriptExecutor       : DB: constraint "chk_shipping_unified_status" of relation "shipping_unified_config_versions" does not exist, skipping
2026-08-11T11:09:04.681+07:00  INFO 23536 --- [ginsengfood] [           main] o.f.core.internal.command.DbMigrate      : Migrating schema "public" to version "150 - affiliate policy scheduled lifecycle discard"
2026-08-11T11:09:04.699+07:00  INFO 23536 --- [ginsengfood] [           main] o.f.core.internal.command.DbMigrate      : Migrating schema "public" to version "151 - brand manual lifecycle archive"
2026-08-11T11:09:04.721+07:00  INFO 23536 --- [ginsengfood] [           main] o.f.core.internal.command.DbMigrate      : Migrating schema "public" to version "152 - product category lifecycle archive"
2026-08-11T11:09:04.744+07:00  INFO 23536 --- [ginsengfood] [           main] o.f.core.internal.command.DbMigrate      : Migrating schema "public" to version "153 - ai runtime audit event"
2026-08-11T11:09:04.768+07:00  INFO 23536 --- [ginsengfood] [           main] o.f.core.internal.command.DbMigrate      : Migrating schema "public" to version "154 - ai final response guard trace"
2026-08-11T11:09:04.788+07:00  INFO 23536 --- [ginsengfood] [           main] o.f.core.internal.command.DbMigrate      : Migrating schema "public" to version "155 - sg gate 07 workflow section base eligibility"
2026-08-11T11:09:04.805+07:00  INFO 23536 --- [ginsengfood] [           main] o.f.core.internal.command.DbMigrate      : Migrating schema "public" to version "156 - ship gate 16 shipping delivery label locale"
2026-08-11T11:09:04.818+07:00  INFO 23536 --- [ginsengfood] [           main] o.f.core.internal.command.DbMigrate      : Migrating schema "public" to version "157 - sg gate 08 event driven recalculation queue"
2026-08-11T11:09:04.851+07:00  INFO 23536 --- [ginsengfood] [           main] o.f.core.internal.command.DbMigrate      : Migrating schema "public" to version "158 - sg gate 09 authenticated live update transport"
2026-08-11T11:09:04.873+07:00  INFO 23536 --- [ginsengfood] [           main] o.f.core.internal.command.DbMigrate      : Migrating schema "public" to version "159 - sg gate 11 program candidate cleanup"
2026-08-11T11:09:04.894+07:00  INFO 23536 --- [ginsengfood] [           main] o.f.core.internal.command.DbMigrate      : Migrating schema "public" to version "160 - catalog price lifecycle snapshot checkpoint alignment"
2026-08-11T11:09:04.913+07:00  INFO 23536 --- [ginsengfood] [           main] o.f.core.internal.command.DbMigrate      : Migrating schema "public" to version "161 - sku price first activation event contract"
2026-08-11T11:09:04.926+07:00  INFO 23536 --- [ginsengfood] [           main] o.f.core.internal.command.DbMigrate      : Migrating schema "public" to version "162 - life sse 03 membership invite sharing event"
2026-08-11T11:09:04.938+07:00  INFO 23536 --- [ginsengfood] [           main] o.f.core.internal.command.DbMigrate      : Migrating schema "public" to version "163 - cms 02a post media purpose constraint"
2026-08-11T11:09:04.952+07:00  INFO 23536 --- [ginsengfood] [           main] o.f.core.internal.command.DbMigrate      : Migrating schema "public" to version "164 - life sse 04 affiliate policy temporal sse"
2026-08-11T11:09:04.971+07:00  INFO 23536 --- [ginsengfood] [           main] o.f.core.internal.command.DbMigrate      : Migrating schema "public" to version "165 - cms 02 content schema foundation"
2026-08-11T11:09:05.004+07:00  INFO 23536 --- [ginsengfood] [           main] o.f.core.internal.command.DbMigrate      : Migrating schema "public" to version "166 - payment pricing policy schema governance permission baseline"
2026-08-11T11:09:05.129+07:00  INFO 23536 --- [ginsengfood] [           main] o.f.core.internal.command.DbMigrate      : Migrating schema "public" to version "167 - payment pricing policy typed engine baseline v2"
2026-08-11T11:09:05.149+07:00  INFO 23536 --- [ginsengfood] [           main] o.f.core.internal.command.DbMigrate      : Migrating schema "public" to version "168 - payment pricing policy temporal scheduling governance"
2026-08-11T11:09:05.167+07:00  INFO 23536 --- [ginsengfood] [           main] o.f.core.internal.command.DbMigrate      : Migrating schema "public" to version "169 - sku pricing hybrid concurrency"
2026-08-11T11:09:05.172+07:00  INFO 23536 --- [ginsengfood] [           main] o.f.c.i.s.DefaultSqlScriptExecutor       : DB: constraint "ck_sku_prices_revision_non_negative" of relation "sku_prices" does not exist, skipping
2026-08-11T11:09:05.175+07:00  INFO 23536 --- [ginsengfood] [           main] o.f.c.i.s.DefaultSqlScriptExecutor       : DB: constraint "ck_sku_price_audit_logs_before_revision" of relation "sku_price_audit_logs" does not exist, skipping
2026-08-11T11:09:05.175+07:00  INFO 23536 --- [ginsengfood] [           main] o.f.c.i.s.DefaultSqlScriptExecutor       : DB: constraint "ck_sku_price_audit_logs_after_revision" of relation "sku_price_audit_logs" does not exist, skipping
2026-08-11T11:09:05.184+07:00  INFO 23536 --- [ginsengfood] [           main] o.f.c.i.s.DefaultSqlScriptExecutor       : DB: constraint "fk_product_import_rows_price_draft" of relation "product_import_rows" does not exist, skipping
2026-08-11T11:09:05.200+07:00  INFO 23536 --- [ginsengfood] [           main] o.f.core.internal.command.DbMigrate      : Migrating schema "public" to version "170 - payment pricing visual policy baseline v2"
2026-08-11T11:09:05.218+07:00  INFO 23536 --- [ginsengfood] [           main] o.f.core.internal.command.DbMigrate      : Migrating schema "public" to version "171 - cms 03b p01 content command receipts"
2026-08-11T11:09:05.240+07:00  INFO 23536 --- [ginsengfood] [           main] o.f.core.internal.command.DbMigrate      : Migrating schema "public" to version "172 - admin product sku hybrid concurrency"
2026-08-11T11:09:05.244+07:00  INFO 23536 --- [ginsengfood] [           main] o.f.c.i.s.DefaultSqlScriptExecutor       : DB: constraint "ck_products_revision_non_negative" of relation "products" does not exist, skipping
2026-08-11T11:09:05.264+07:00  INFO 23536 --- [ginsengfood] [           main] o.f.c.i.s.DefaultSqlScriptExecutor       : DB: constraint "ck_file_assets_attachment_state" of relation "file_assets" does not exist, skipping
2026-08-11T11:09:05.264+07:00  INFO 23536 --- [ginsengfood] [           main] o.f.c.i.s.DefaultSqlScriptExecutor       : DB: constraint "ck_file_assets_temporary_metadata" of relation "file_assets" does not exist, skipping
2026-08-11T11:09:05.280+07:00  INFO 23536 --- [ginsengfood] [           main] o.f.core.internal.command.DbMigrate      : Migrating schema "public" to version "173 - product audit idempotency key length"
2026-08-11T11:09:05.295+07:00  INFO 23536 --- [ginsengfood] [           main] o.f.core.internal.command.DbMigrate      : Migrating schema "public" to version "174 - payment pricing policy mandatory scenario async"
2026-08-11T11:09:05.364+07:00  INFO 23536 --- [ginsengfood] [           main] o.f.core.internal.command.DbMigrate      : Migrating schema "public" to version "175 - p2 43 sku master hybrid concurrency"
2026-08-11T11:09:05.377+07:00  INFO 23536 --- [ginsengfood] [           main] o.f.core.internal.command.DbMigrate      : Migrating schema "public" to version "176 - payment pricing policy candidate check binding"
2026-08-11T11:09:05.408+07:00  INFO 23536 --- [ginsengfood] [           main] o.f.core.internal.command.DbMigrate      : Migrating schema "public" to version "177 - p2 45 product category hybrid concurrency"
2026-08-11T11:09:05.438+07:00  INFO 23536 --- [ginsengfood] [           main] o.f.core.internal.command.DbMigrate      : Migrating schema "public" to version "178 - cms 02b stage1 canonical data reconciliation"
2026-08-11T11:09:05.490+07:00  INFO 23536 --- [ginsengfood] [           main] o.f.core.internal.command.DbMigrate      : Migrating schema "public" to version "179 - cms 02b stage2 legacy schema cleanup"
2026-08-11T11:09:05.536+07:00  INFO 23536 --- [ginsengfood] [           main] o.f.core.internal.command.DbMigrate      : Migrating schema "public" to version "180 - pay07 order pricing snapshot runtime alignment"
2026-08-11T11:09:05.554+07:00  INFO 23536 --- [ginsengfood] [           main] o.f.c.i.s.DefaultSqlScriptExecutor       : DB: trigger "trg_order_snapshots_append_only" for relation "order_snapshots" does not exist, skipping
2026-08-11T11:09:05.566+07:00  INFO 23536 --- [ginsengfood] [           main] o.f.core.internal.command.DbMigrate      : Migrating schema "public" to version "181 - p2 46 product group hybrid concurrency"
2026-08-11T11:09:05.591+07:00  INFO 23536 --- [ginsengfood] [           main] o.f.core.internal.command.DbMigrate      : Migrating schema "public" to version "182 - payment pricing policy unified candidate"
2026-08-11T11:09:05.611+07:00  INFO 23536 --- [ginsengfood] [           main] o.f.core.internal.command.DbMigrate      : Migrating schema "public" to version "183 - repair missing product media collections"
2026-08-11T11:09:05.624+07:00  INFO 23536 --- [ginsengfood] [           main] o.f.core.internal.command.DbMigrate      : Migrating schema "public" to version "184 - admin product brand hybrid concurrency"
2026-08-11T11:09:05.640+07:00  INFO 23536 --- [ginsengfood] [           main] o.f.core.internal.command.DbMigrate      : Migrating schema "public" to version "185 - shipping unified config hybrid concurrency"
2026-08-11T11:09:05.658+07:00  INFO 23536 --- [ginsengfood] [           main] o.f.core.internal.command.DbMigrate      : Migrating schema "public" to version "186 - content category lifecycle standardization"
2026-08-11T11:09:05.684+07:00  INFO 23536 --- [ginsengfood] [           main] o.f.core.internal.command.DbMigrate      : Migrating schema "public" to version "187 - shipping strategy hybrid concurrency"
2026-08-11T11:09:05.707+07:00  INFO 23536 --- [ginsengfood] [           main] o.f.core.internal.command.DbMigrate      : Migrating schema "public" to version "188 - admin membership tiers hybrid concurrency"
2026-08-11T11:09:05.743+07:00  INFO 23536 --- [ginsengfood] [           main] o.f.core.internal.command.DbMigrate      : Migrating schema "public" to version "189 - quote snapshot api foundation"
2026-08-11T11:09:05.860+07:00  INFO 23536 --- [ginsengfood] [           main] o.f.core.internal.command.DbMigrate      : Migrating schema "public" to version "190 - quote revalidation revision checkpoint"
2026-08-11T11:09:05.890+07:00  INFO 23536 --- [ginsengfood] [           main] o.f.core.internal.command.DbMigrate      : Migrating schema "public" to version "191 - quote confirmation address binding"
2026-08-11T11:09:05.908+07:00  INFO 23536 --- [ginsengfood] [           main] o.f.core.internal.command.DbMigrate      : Migrating schema "public" to version "192 - content category i18n"
2026-08-11T11:09:05.927+07:00  INFO 23536 --- [ginsengfood] [           main] o.f.core.internal.command.DbMigrate      : Migrating schema "public" to version "193 - admin membership resource configs hybrid concurrency"
2026-08-11T11:09:05.934+07:00  WARN 23536 --- [ginsengfood] [           main] o.f.c.i.s.DefaultSqlScriptExecutor       : DB: identifier "ck_membership_resource_configs_file_collection_revision_non_negative" will be truncated to "ck_membership_resource_configs_file_collection_revision_non_neg" (SQL State: 42622 - Error Code: 0)
2026-08-11T11:09:05.978+07:00  INFO 23536 --- [ginsengfood] [           main] o.f.core.internal.command.DbMigrate      : Migrating schema "public" to version "194 - customer address archive runtime alignment"
2026-08-11T11:09:06.003+07:00  INFO 23536 --- [ginsengfood] [           main] o.f.core.internal.command.DbMigrate      : Successfully applied 198 migrations to schema "public", now at version v194 (execution time 00:05.077s)
2026-08-11T11:09:06.683+07:00  INFO 23536 --- [ginsengfood] [           main] org.hibernate.orm.jpa                    : HHH008540: Processing PersistenceUnitInfo [name: default]
2026-08-11T11:09:06.833+07:00  INFO 23536 --- [ginsengfood] [           main] org.hibernate.orm.core                   : HHH000001: Hibernate ORM core version 7.2.7.Final
2026-08-11T11:09:07.311+07:00  INFO 23536 --- [ginsengfood] [           main] o.s.o.j.p.SpringPersistenceUnitInfo      : No LoadTimeWeaver setup: ignoring JPA class transformer
2026-08-11T11:09:07.390+07:00  WARN 23536 --- [ginsengfood] [           main] org.hibernate.orm.deprecation            : HHH90000025: PostgreSQLDialect does not need to be specified explicitly using 'hibernate.dialect' (remove the property setting and it will be selected by default)
2026-08-11T11:09:07.409+07:00  INFO 23536 --- [ginsengfood] [           main] org.hibernate.orm.connections.pooling    : HHH10001005: Database info:
	Database JDBC URL [jdbc:postgresql://localhost:56704/ginsengfood_isolated_test?loggerLevel=OFF]
	Database driver: PostgreSQL JDBC Driver
	Database dialect: PostgreSQLDialect
	Database version: 17.9
	Default catalog/schema: ginsengfood_isolated_test/public
	Autocommit mode: undefined/unknown
	Isolation level: READ_COMMITTED [default READ_COMMITTED]
	JDBC fetch size: none
	Pool: DataSourceConnectionProvider
	Minimum pool size: undefined/unknown
	Maximum pool size: undefined/unknown
2026-08-11T11:09:11.449+07:00  INFO 23536 --- [ginsengfood] [           main] org.hibernate.orm.core                   : HHH000489: No JTA platform available (set 'hibernate.transaction.jta.platform' to enable JTA platform integration)
2026-08-11T11:09:11.618+07:00  INFO 23536 --- [ginsengfood] [           main] j.LocalContainerEntityManagerFactoryBean : Initialized JPA EntityManagerFactory for persistence unit 'default'
2026-08-11T11:09:11.855+07:00  INFO 23536 --- [ginsengfood] [           main] o.s.d.j.r.query.QueryEnhancerFactories   : Hibernate is in classpath; If applicable, HQL parser will be used.
2026-08-11T11:09:21.491+07:00  WARN 23536 --- [ginsengfood] [           main] .r.c.AiRuntimeEnvironmentPolicyValidator : [AI-ENV-POLICY] resolved=UNKNOWN profileDeclared=UNKNOWN code=ENVIRONMENT_UNDECLARED detail=Khong co profile nao khai bao moi truong va ai.runtime.environment cung khong xac dinh; AI runtime se bi tu choi o moi gate.
2026-08-11T11:09:21.694+07:00  WARN 23536 --- [ginsengfood] [           main] .s.a.UserDetailsServiceAutoConfiguration : 

Using generated security password: 73b8bb3b-d50c-4e24-ae29-9cee20d86892

This generated password is for development use only. Your security configuration must be updated before running your application in production.

2026-08-11T11:09:21.704+07:00  INFO 23536 --- [ginsengfood] [           main] r$InitializeUserDetailsManagerConfigurer : Global AuthenticationManager configured with UserDetailsService bean with name inMemoryUserDetailsManager
2026-08-11T11:09:22.863+07:00  INFO 23536 --- [ginsengfood] [           main] o.s.b.t.m.w.SpringBootMockServletContext : Initializing Spring TestDispatcherServlet ''
2026-08-11T11:09:22.863+07:00  INFO 23536 --- [ginsengfood] [           main] o.s.t.web.servlet.TestDispatcherServlet  : Initializing Servlet ''
2026-08-11T11:09:22.866+07:00  INFO 23536 --- [ginsengfood] [           main] o.s.t.web.servlet.TestDispatcherServlet  : Completed initialization in 3 ms
2026-08-11T11:09:22.919+07:00  INFO 23536 --- [ginsengfood] [           main] c.g.p.order.OrderFullFlowPostgresTest    : Started OrderFullFlowPostgresTest in 120.487 seconds (process running for 125.886)
2026-08-11T11:09:23.121+07:00  WARN 23536 --- [ginsengfood] [           main] o.s.core.events.SpringDocAppInitializer  : SpringDoc /v3/api-docs endpoint is enabled by default. To disable it in production, set the property 'springdoc.api-docs.enabled=false'
2026-08-11T11:09:23.122+07:00  WARN 23536 --- [ginsengfood] [           main] o.s.core.events.SpringDocAppInitializer  : SpringDoc /swagger-ui.html endpoint is enabled by default. To disable it in production, set the property 'springdoc.swagger-ui.enabled=false'
2026-08-11T11:09:24.230+07:00  WARN 23536 --- [ginsengfood] [           main] c.g.p.o.s.i.NoOpOrderNotificationService : [P3.7-NOOP] notifyOrderCreated — orderId=1, customerId=1 (not implemented until P7)
2026-08-11T11:09:24.449+07:00  WARN 23536 --- [ginsengfood] [           main] .g.p.o.s.i.DevMockPaymentWebhookVerifier : [DEV-MOCK] PaymentWebhookVerifier: signature verify BYPASSED for provider='ONLINE_MOCK'. NOT for production use.
2026-08-11T11:09:24.527+07:00  WARN 23536 --- [ginsengfood] [           main] c.g.p.o.s.i.NoOpOrderNotificationService : [P3.7-NOOP] notifyPaymentSuccess — orderId=1, customerId=1 (not implemented until P7)
2026-08-11T11:09:24.527+07:00  INFO 23536 --- [ginsengfood] [           main] c.g.p.o.s.i.PaymentWebhookServiceImpl    : [PaymentWebhook] Processed OK providerCode='ONLINE_MOCK' requestId='E2E_P3_ORDER_CEA976CC4E7A_PAY' result='SUCCESS'.
]]></system-out>
    <system-err><![CDATA[Mockito is currently self-attaching to enable the inline-mock-maker. This will no longer work in future releases of the JDK. Please add Mockito as an agent to your build as described in Mockito's documentation: https://javadoc.io/doc/org.mockito/mockito-core/latest/org.mockito/org/mockito/Mockito.html#0.3
WARNING: A Java agent has been loaded dynamically (C:\Users\PCPV\.m2\repository\net\bytebuddy\byte-buddy-agent\1.17.8\byte-buddy-agent-1.17.8.jar)
WARNING: If a serviceability tool is in use, please run with -XX:+EnableDynamicAgentLoading to hide this warning
WARNING: If a serviceability tool is not in use, please run with -Djdk.instrument.traceUsage for more information
WARNING: Dynamic loading of agents will be disallowed by default in a future release
]]></system-err>
  </testcase>
</testsuite>